<?xml version="1.0" encoding="UTF-8"?>
<!-- Generated by org.testng.reporters.JUnitXMLReporter -->
<testsuite hostname="ASDP1740PO02529" ignored="0" name="Default test" tests="5" failures="0" timestamp="28 Jul 2017 06:08:48 GMT" time="24.882" errors="0">
  <testcase name="testHoverMenu" time="2.34" classname="TestPackage.TatocTestAdvance"/>
  <testcase name="testDatabaseQuery" time="1.06" classname="TestPackage.TatocTestAdvance"/>
  <testcase name="testOoyalaPlayerD" time="0.086" classname="TestPackage.TatocTestAdvance"/>
  <testcase name="testRestFulApi" time="5.008" classname="TestPackage.TatocTestAdvance"/>
  <testcase name="testFileHandle" time="6.268" classname="TestPackage.TatocTestAdvance"/>
</testsuite> <!-- Default test -->
